Analysis & Synthesis report for PipeTemp_Controller
Mon May 13 12:29:09 2024
Quartus Prime Version 23.1std.0 Build 991 11/28/2023 SC Lite Edition


---------------------
; Table of Contents ;
---------------------
  1. Legal Notice
  2. Analysis & Synthesis Summary
  3. Analysis & Synthesis Settings
  4. Parallel Compilation
  5. Analysis & Synthesis Source Files Read
  6. Analysis & Synthesis Resource Usage Summary
  7. Analysis & Synthesis Resource Utilization by Entity
  8. Registers Removed During Synthesis
  9. General Register Statistics
 10. Inverted Register Statistics
 11. Parameter Settings for User Entity Instance: Top-level Entity: |PipeTemp_Controller
 12. Parameter Settings for Inferred Entity Instance: lpm_divide:Mod0
 13. Parameter Settings for Inferred Entity Instance: lpm_divide:Div0
 14. Post-Synthesis Netlist Statistics for Top Partition
 15. Elapsed Time Per Partition
 16. Analysis & Synthesis Messages
 17. Analysis & Synthesis Suppressed Messages



----------------
; Legal Notice ;
----------------
Copyright (C) 2023  Intel Corporation. All rights reserved.
Your use of Intel Corporation's design tools, logic functions 
and other software and tools, and any partner logic 
functions, and any output files from any of the foregoing 
(including device programming or simulation files), and any 
associated documentation or information are expressly subject 
to the terms and conditions of the Intel Program License 
Subscription Agreement, the Intel Quartus Prime License Agreement,
the Intel FPGA IP License Agreement, or other applicable license
agreement, including, without limitation, that your use is for
the sole purpose of programming logic devices manufactured by
Intel and sold by Intel or its authorized distributors.  Please
refer to the applicable agreement for further details, at
https://fpgasoftware.intel.com/eula.



+-------------------------------------------------------------------------------------+
; Analysis & Synthesis Summary                                                        ;
+------------------------------------+------------------------------------------------+
; Analysis & Synthesis Status        ; Successful - Mon May 13 12:29:09 2024          ;
; Quartus Prime Version              ; 23.1std.0 Build 991 11/28/2023 SC Lite Edition ;
; Revision Name                      ; PipeTemp_Controller                            ;
; Top-level Entity Name              ; PipeTemp_Controller                            ;
; Family                             ; MAX 10                                         ;
; Total logic elements               ; 1,107                                          ;
;     Total combinational functions  ; 1,106                                          ;
;     Dedicated logic registers      ; 79                                             ;
; Total registers                    ; 79                                             ;
; Total pins                         ; 57                                             ;
; Total virtual pins                 ; 0                                              ;
; Total memory bits                  ; 0                                              ;
; Embedded Multiplier 9-bit elements ; 0                                              ;
; Total PLLs                         ; 0                                              ;
; UFM blocks                         ; 0                                              ;
; ADC blocks                         ; 0                                              ;
+------------------------------------+------------------------------------------------+


+--------------------------------------------------------------------------------------------------------------+
; Analysis & Synthesis Settings                                                                                ;
+------------------------------------------------------------------+---------------------+---------------------+
; Option                                                           ; Setting             ; Default Value       ;
+------------------------------------------------------------------+---------------------+---------------------+
; Device                                                           ; 10M50DAF484C6GES    ;                     ;
; Top-level entity name                                            ; PipeTemp_Controller ; PipeTemp_Controller ;
; Family name                                                      ; MAX 10              ; Cyclone V           ;
; Use smart compilation                                            ; Off                 ; Off                 ;
; Enable parallel Assembler and Timing Analyzer during compilation ; On                  ; On                  ;
; Enable compact report table                                      ; Off                 ; Off                 ;
; Restructure Multiplexers                                         ; Auto                ; Auto                ;
; Create Debugging Nodes for IP Cores                              ; Off                 ; Off                 ;
; Preserve fewer node names                                        ; On                  ; On                  ;
; Intel FPGA IP Evaluation Mode                                    ; Enable              ; Enable              ;
; Verilog Version                                                  ; Verilog_2001        ; Verilog_2001        ;
; VHDL Version                                                     ; VHDL_1993           ; VHDL_1993           ;
; State Machine Processing                                         ; Auto                ; Auto                ;
; Safe State Machine                                               ; Off                 ; Off                 ;
; Extract Verilog State Machines                                   ; On                  ; On                  ;
; Extract VHDL State Machines                                      ; On                  ; On                  ;
; Ignore Verilog initial constructs                                ; Off                 ; Off                 ;
; Iteration limit for constant Verilog loops                       ; 5000                ; 5000                ;
; Iteration limit for non-constant Verilog loops                   ; 250                 ; 250                 ;
; Add Pass-Through Logic to Inferred RAMs                          ; On                  ; On                  ;
; Infer RAMs from Raw Logic                                        ; On                  ; On                  ;
; Parallel Synthesis                                               ; On                  ; On                  ;
; DSP Block Balancing                                              ; Auto                ; Auto                ;
; NOT Gate Push-Back                                               ; On                  ; On                  ;
; Power-Up Don't Care                                              ; On                  ; On                  ;
; Remove Redundant Logic Cells                                     ; Off                 ; Off                 ;
; Remove Duplicate Registers                                       ; On                  ; On                  ;
; Ignore CARRY Buffers                                             ; Off                 ; Off                 ;
; Ignore CASCADE Buffers                                           ; Off                 ; Off                 ;
; Ignore GLOBAL Buffers                                            ; Off                 ; Off                 ;
; Ignore ROW GLOBAL Buffers                                        ; Off                 ; Off                 ;
; Ignore LCELL Buffers                                             ; Off                 ; Off                 ;
; Ignore SOFT Buffers                                              ; On                  ; On                  ;
; Limit AHDL Integers to 32 Bits                                   ; Off                 ; Off                 ;
; Optimization Technique                                           ; Balanced            ; Balanced            ;
; Carry Chain Length                                               ; 70                  ; 70                  ;
; Auto Carry Chains                                                ; On                  ; On                  ;
; Auto Open-Drain Pins                                             ; On                  ; On                  ;
; Perform WYSIWYG Primitive Resynthesis                            ; Off                 ; Off                 ;
; Auto ROM Replacement                                             ; On                  ; On                  ;
; Auto RAM Replacement                                             ; On                  ; On                  ;
; Auto DSP Block Replacement                                       ; On                  ; On                  ;
; Auto Shift Register Replacement                                  ; Auto                ; Auto                ;
; Allow Shift Register Merging across Hierarchies                  ; Auto                ; Auto                ;
; Auto Clock Enable Replacement                                    ; On                  ; On                  ;
; Strict RAM Replacement                                           ; Off                 ; Off                 ;
; Allow Synchronous Control Signals                                ; On                  ; On                  ;
; Force Use of Synchronous Clear Signals                           ; Off                 ; Off                 ;
; Auto RAM Block Balancing                                         ; On                  ; On                  ;
; Auto RAM to Logic Cell Conversion                                ; Off                 ; Off                 ;
; Auto Resource Sharing                                            ; Off                 ; Off                 ;
; Allow Any RAM Size For Recognition                               ; Off                 ; Off                 ;
; Allow Any ROM Size For Recognition                               ; Off                 ; Off                 ;
; Allow Any Shift Register Size For Recognition                    ; Off                 ; Off                 ;
; Use LogicLock Constraints during Resource Balancing              ; On                  ; On                  ;
; Ignore translate_off and synthesis_off directives                ; Off                 ; Off                 ;
; Timing-Driven Synthesis                                          ; On                  ; On                  ;
; Report Parameter Settings                                        ; On                  ; On                  ;
; Report Source Assignments                                        ; On                  ; On                  ;
; Report Connectivity Checks                                       ; On                  ; On                  ;
; Ignore Maximum Fan-Out Assignments                               ; Off                 ; Off                 ;
; Synchronization Register Chain Length                            ; 2                   ; 2                   ;
; Power Optimization During Synthesis                              ; Normal compilation  ; Normal compilation  ;
; HDL message level                                                ; Level2              ; Level2              ;
; Suppress Register Optimization Related Messages                  ; Off                 ; Off                 ;
; Number of Removed Registers Reported in Synthesis Report         ; 5000                ; 5000                ;
; Number of Swept Nodes Reported in Synthesis Report               ; 5000                ; 5000                ;
; Number of Inverted Registers Reported in Synthesis Report        ; 100                 ; 100                 ;
; Clock MUX Protection                                             ; On                  ; On                  ;
; Auto Gated Clock Conversion                                      ; Off                 ; Off                 ;
; Block Design Naming                                              ; Auto                ; Auto                ;
; SDC constraint protection                                        ; Off                 ; Off                 ;
; Synthesis Effort                                                 ; Auto                ; Auto                ;
; Shift Register Replacement - Allow Asynchronous Clear Signal     ; On                  ; On                  ;
; Pre-Mapping Resynthesis Optimization                             ; Off                 ; Off                 ;
; Analysis & Synthesis Message Level                               ; Medium              ; Medium              ;
; Disable Register Merging Across Hierarchies                      ; Auto                ; Auto                ;
; Resource Aware Inference For Block RAM                           ; On                  ; On                  ;
+------------------------------------------------------------------+---------------------+---------------------+


+------------------------------------------+
; Parallel Compilation                     ;
+----------------------------+-------------+
; Processors                 ; Number      ;
+----------------------------+-------------+
; Number detected on machine ; 8           ;
; Maximum allowed            ; 4           ;
;                            ;             ;
; Average used               ; 1.00        ;
; Maximum used               ; 4           ;
;                            ;             ;
; Usage by Processor         ; % Time Used ;
;     Processor 1            ; 100.0%      ;
;     Processor 2            ;   0.0%      ;
;     Processor 3            ;   0.0%      ;
;     Processor 4            ;   0.0%      ;
+----------------------------+-------------+


+----------------------------------------------------------------------------------------------------------------------------------------------------------------------------------+
; Analysis & Synthesis Source Files Read                                                                                                                                           ;
+----------------------------------+-----------------+------------------------------+------------------------------------------------------------------------------------+---------+
; File Name with User-Entered Path ; Used in Netlist ; File Type                    ; File Name with Absolute Path                                                       ; Library ;
+----------------------------------+-----------------+------------------------------+------------------------------------------------------------------------------------+---------+
; PipeTemp_Controller.v            ; yes             ; User Verilog HDL File        ; D:/Codes/VeriLog/Codes File/PipeTemp_Controller.v                                  ;         ;
; lpm_divide.tdf                   ; yes             ; Megafunction                 ; d:/apps/intelfpga_lite/23.1std/quartus/libraries/megafunctions/lpm_divide.tdf      ;         ;
; abs_divider.inc                  ; yes             ; Megafunction                 ; d:/apps/intelfpga_lite/23.1std/quartus/libraries/megafunctions/abs_divider.inc     ;         ;
; sign_div_unsign.inc              ; yes             ; Megafunction                 ; d:/apps/intelfpga_lite/23.1std/quartus/libraries/megafunctions/sign_div_unsign.inc ;         ;
; aglobal231.inc                   ; yes             ; Megafunction                 ; d:/apps/intelfpga_lite/23.1std/quartus/libraries/megafunctions/aglobal231.inc      ;         ;
; db/lpm_divide_rll.tdf            ; yes             ; Auto-Generated Megafunction  ; D:/Codes/VeriLog/Codes File/db/lpm_divide_rll.tdf                                  ;         ;
; db/sign_div_unsign_qlh.tdf       ; yes             ; Auto-Generated Megafunction  ; D:/Codes/VeriLog/Codes File/db/sign_div_unsign_qlh.tdf                             ;         ;
; db/alt_u_div_uhe.tdf             ; yes             ; Auto-Generated Megafunction  ; D:/Codes/VeriLog/Codes File/db/alt_u_div_uhe.tdf                                   ;         ;
; db/add_sub_t3c.tdf               ; yes             ; Auto-Generated Megafunction  ; D:/Codes/VeriLog/Codes File/db/add_sub_t3c.tdf                                     ;         ;
; db/add_sub_u3c.tdf               ; yes             ; Auto-Generated Megafunction  ; D:/Codes/VeriLog/Codes File/db/add_sub_u3c.tdf                                     ;         ;
; db/lpm_divide_otl.tdf            ; yes             ; Auto-Generated Megafunction  ; D:/Codes/VeriLog/Codes File/db/lpm_divide_otl.tdf                                  ;         ;
+----------------------------------+-----------------+------------------------------+------------------------------------------------------------------------------------+---------+


+-----------------------------------------------------------+
; Analysis & Synthesis Resource Usage Summary               ;
+---------------------------------------------+-------------+
; Resource                                    ; Usage       ;
+---------------------------------------------+-------------+
; Estimated Total logic elements              ; 1,107       ;
;                                             ;             ;
; Total combinational functions               ; 1106        ;
; Logic element usage by number of LUT inputs ;             ;
;     -- 4 input functions                    ; 230         ;
;     -- 3 input functions                    ; 285         ;
;     -- <=2 input functions                  ; 591         ;
;                                             ;             ;
; Logic elements by mode                      ;             ;
;     -- normal mode                          ; 779         ;
;     -- arithmetic mode                      ; 327         ;
;                                             ;             ;
; Total registers                             ; 79          ;
;     -- Dedicated logic registers            ; 79          ;
;     -- I/O registers                        ; 0           ;
;                                             ;             ;
; I/O pins                                    ; 57          ;
;                                             ;             ;
; Embedded Multiplier 9-bit elements          ; 0           ;
;                                             ;             ;
; Maximum fan-out node                        ; Reset~input ;
; Maximum fan-out                             ; 62          ;
; Total fan-out                               ; 3194        ;
; Average fan-out                             ; 2.46        ;
+---------------------------------------------+-------------+


+----------------------------------------------------------------------------------------------------------------------------------------------------------------------------------------------------------------------------------------------------------------------------------------------------------------------------------------------------------------+
; Analysis & Synthesis Resource Utilization by Entity                                                                                                                                                                                                                                                                                                            ;
+-----------------------------------------------+---------------------+---------------------------+-------------+------------+--------------+---------+-----------+------+--------------+------------+----------------------------------------------------------------------------------------------------------------------+---------------------+--------------+
; Compilation Hierarchy Node                    ; Combinational ALUTs ; Dedicated Logic Registers ; Memory Bits ; UFM Blocks ; DSP Elements ; DSP 9x9 ; DSP 18x18 ; Pins ; Virtual Pins ; ADC blocks ; Full Hierarchy Name                                                                                                  ; Entity Name         ; Library Name ;
+-----------------------------------------------+---------------------+---------------------------+-------------+------------+--------------+---------+-----------+------+--------------+------------+----------------------------------------------------------------------------------------------------------------------+---------------------+--------------+
; |PipeTemp_Controller                          ; 1106 (123)          ; 79 (53)                   ; 0           ; 0          ; 0            ; 0       ; 0         ; 57   ; 0            ; 0          ; |PipeTemp_Controller                                                                                                 ; PipeTemp_Controller ; work         ;
;    |clock_divider:clock_divid|                ; 33 (33)             ; 26 (26)                   ; 0           ; 0          ; 0            ; 0       ; 0         ; 0    ; 0            ; 0          ; |PipeTemp_Controller|clock_divider:clock_divid                                                                       ; clock_divider       ; work         ;
;    |decoder_7seg_anode:decoder_minutes_units| ; 7 (7)               ; 0 (0)                     ; 0           ; 0          ; 0            ; 0       ; 0         ; 0    ; 0            ; 0          ; |PipeTemp_Controller|decoder_7seg_anode:decoder_minutes_units                                                        ; decoder_7seg_anode  ; work         ;
;    |decoder_7seg_anode:decoder_seconds_tens|  ; 6 (6)               ; 0 (0)                     ; 0           ; 0          ; 0            ; 0       ; 0         ; 0    ; 0            ; 0          ; |PipeTemp_Controller|decoder_7seg_anode:decoder_seconds_tens                                                         ; decoder_7seg_anode  ; work         ;
;    |decoder_7seg_anode:decoder_seconds_units| ; 7 (7)               ; 0 (0)                     ; 0           ; 0          ; 0            ; 0       ; 0         ; 0    ; 0            ; 0          ; |PipeTemp_Controller|decoder_7seg_anode:decoder_seconds_units                                                        ; decoder_7seg_anode  ; work         ;
;    |lpm_divide:Div0|                          ; 492 (0)             ; 0 (0)                     ; 0           ; 0          ; 0            ; 0       ; 0         ; 0    ; 0            ; 0          ; |PipeTemp_Controller|lpm_divide:Div0                                                                                 ; lpm_divide          ; work         ;
;       |lpm_divide_otl:auto_generated|         ; 492 (0)             ; 0 (0)                     ; 0           ; 0          ; 0            ; 0       ; 0         ; 0    ; 0            ; 0          ; |PipeTemp_Controller|lpm_divide:Div0|lpm_divide_otl:auto_generated                                                   ; lpm_divide_otl      ; work         ;
;          |sign_div_unsign_qlh:divider|        ; 492 (0)             ; 0 (0)                     ; 0           ; 0          ; 0            ; 0       ; 0         ; 0    ; 0            ; 0          ; |PipeTemp_Controller|lpm_divide:Div0|lpm_divide_otl:auto_generated|sign_div_unsign_qlh:divider                       ; sign_div_unsign_qlh ; work         ;
;             |alt_u_div_uhe:divider|           ; 492 (492)           ; 0 (0)                     ; 0           ; 0          ; 0            ; 0       ; 0         ; 0    ; 0            ; 0          ; |PipeTemp_Controller|lpm_divide:Div0|lpm_divide_otl:auto_generated|sign_div_unsign_qlh:divider|alt_u_div_uhe:divider ; alt_u_div_uhe       ; work         ;
;    |lpm_divide:Mod0|                          ; 438 (0)             ; 0 (0)                     ; 0           ; 0          ; 0            ; 0       ; 0         ; 0    ; 0            ; 0          ; |PipeTemp_Controller|lpm_divide:Mod0                                                                                 ; lpm_divide          ; work         ;
;       |lpm_divide_rll:auto_generated|         ; 438 (0)             ; 0 (0)                     ; 0           ; 0          ; 0            ; 0       ; 0         ; 0    ; 0            ; 0          ; |PipeTemp_Controller|lpm_divide:Mod0|lpm_divide_rll:auto_generated                                                   ; lpm_divide_rll      ; work         ;
;          |sign_div_unsign_qlh:divider|        ; 438 (0)             ; 0 (0)                     ; 0           ; 0          ; 0            ; 0       ; 0         ; 0    ; 0            ; 0          ; |PipeTemp_Controller|lpm_divide:Mod0|lpm_divide_rll:auto_generated|sign_div_unsign_qlh:divider                       ; sign_div_unsign_qlh ; work         ;
;             |alt_u_div_uhe:divider|           ; 438 (438)           ; 0 (0)                     ; 0           ; 0          ; 0            ; 0       ; 0         ; 0    ; 0            ; 0          ; |PipeTemp_Controller|lpm_divide:Mod0|lpm_divide_rll:auto_generated|sign_div_unsign_qlh:divider|alt_u_div_uhe:divider ; alt_u_div_uhe       ; work         ;
+-----------------------------------------------+---------------------+---------------------------+-------------+------------+--------------+---------+-----------+------+--------------+------------+----------------------------------------------------------------------------------------------------------------------+---------------------+--------------+
Note: For table entries with two numbers listed, the numbers in parentheses indicate the number of resources of the given type used by the specific entity alone. The numbers listed outside of parentheses indicate the total resources of the given type used by the specific entity and all of its sub-entities in the hierarchy.


+--------------------------------------------------------------------------------+
; Registers Removed During Synthesis                                             ;
+---------------------------------------+----------------------------------------+
; Register name                         ; Reason for Removal                     ;
+---------------------------------------+----------------------------------------+
; Shutdown~reg0                         ; Stuck at VCC due to stuck port data_in ;
; minutes_tens[3]~reg0                  ; Stuck at GND due to stuck port data_in ;
; minutes_tens[2]~reg0                  ; Stuck at GND due to stuck port data_in ;
; minutes_tens[1]~reg0                  ; Stuck at GND due to stuck port data_in ;
; seconds_tens[3]~reg0                  ; Stuck at GND due to stuck port data_in ;
; processed_temp[0]                     ; Lost fanout                            ;
; Total Number of Removed Registers = 6 ;                                        ;
+---------------------------------------+----------------------------------------+


+------------------------------------------------------+
; General Register Statistics                          ;
+----------------------------------------------+-------+
; Statistic                                    ; Value ;
+----------------------------------------------+-------+
; Total registers                              ; 79    ;
; Number of registers using Synchronous Clear  ; 25    ;
; Number of registers using Synchronous Load   ; 0     ;
; Number of registers using Asynchronous Clear ; 60    ;
; Number of registers using Asynchronous Load  ; 0     ;
; Number of registers using Clock Enable       ; 19    ;
; Number of registers using Preset             ; 0     ;
+----------------------------------------------+-------+


+--------------------------------------------------+
; Inverted Register Statistics                     ;
+----------------------------------------+---------+
; Inverted Register                      ; Fan out ;
+----------------------------------------+---------+
; Alarm~reg0                             ; 2       ;
; Done~reg0                              ; 1       ;
; counter[3]                             ; 8       ;
; counter[2]                             ; 8       ;
; counter[1]                             ; 13      ;
; counter[0]                             ; 5       ;
; Total number of inverted registers = 6 ;         ;
+----------------------------------------+---------+


+-------------------------------------------------------------------------------------+
; Parameter Settings for User Entity Instance: Top-level Entity: |PipeTemp_Controller ;
+----------------+-------+------------------------------------------------------------+
; Parameter Name ; Value ; Type                                                       ;
+----------------+-------+------------------------------------------------------------+
; PERIOD         ; 15    ; Signed Integer                                             ;
+----------------+-------+------------------------------------------------------------+
Note: In order to hide this table in the UI and the text report file, please set the "Show Parameter Settings in Synthesis Report" option in "Analysis and Synthesis Settings -> More Settings" to "Off".


+------------------------------------------------------------------+
; Parameter Settings for Inferred Entity Instance: lpm_divide:Mod0 ;
+------------------------+----------------+------------------------+
; Parameter Name         ; Value          ; Type                   ;
+------------------------+----------------+------------------------+
; LPM_WIDTHN             ; 32             ; Untyped                ;
; LPM_WIDTHD             ; 6              ; Untyped                ;
; LPM_NREPRESENTATION    ; UNSIGNED       ; Untyped                ;
; LPM_DREPRESENTATION    ; UNSIGNED       ; Untyped                ;
; LPM_PIPELINE           ; 0              ; Untyped                ;
; LPM_REMAINDERPOSITIVE  ; TRUE           ; Untyped                ;
; MAXIMIZE_SPEED         ; 5              ; Untyped                ;
; CBXI_PARAMETER         ; lpm_divide_rll ; Untyped                ;
; CARRY_CHAIN            ; MANUAL         ; Untyped                ;
; OPTIMIZE_FOR_SPEED     ; 5              ; Untyped                ;
; AUTO_CARRY_CHAINS      ; ON             ; AUTO_CARRY             ;
; IGNORE_CARRY_BUFFERS   ; OFF            ; IGNORE_CARRY           ;
; AUTO_CASCADE_CHAINS    ; ON             ; AUTO_CASCADE           ;
; IGNORE_CASCADE_BUFFERS ; OFF            ; IGNORE_CASCADE         ;
+------------------------+----------------+------------------------+
Note: In order to hide this table in the UI and the text report file, please set the "Show Parameter Settings in Synthesis Report" option in "Analysis and Synthesis Settings -> More Settings" to "Off".


+------------------------------------------------------------------+
; Parameter Settings for Inferred Entity Instance: lpm_divide:Div0 ;
+------------------------+----------------+------------------------+
; Parameter Name         ; Value          ; Type                   ;
+------------------------+----------------+------------------------+
; LPM_WIDTHN             ; 32             ; Untyped                ;
; LPM_WIDTHD             ; 6              ; Untyped                ;
; LPM_NREPRESENTATION    ; UNSIGNED       ; Untyped                ;
; LPM_DREPRESENTATION    ; UNSIGNED       ; Untyped                ;
; LPM_PIPELINE           ; 0              ; Untyped                ;
; LPM_REMAINDERPOSITIVE  ; TRUE           ; Untyped                ;
; MAXIMIZE_SPEED         ; 5              ; Untyped                ;
; CBXI_PARAMETER         ; lpm_divide_otl ; Untyped                ;
; CARRY_CHAIN            ; MANUAL         ; Untyped                ;
; OPTIMIZE_FOR_SPEED     ; 5              ; Untyped                ;
; AUTO_CARRY_CHAINS      ; ON             ; AUTO_CARRY             ;
; IGNORE_CARRY_BUFFERS   ; OFF            ; IGNORE_CARRY           ;
; AUTO_CASCADE_CHAINS    ; ON             ; AUTO_CASCADE           ;
; IGNORE_CASCADE_BUFFERS ; OFF            ; IGNORE_CASCADE         ;
+------------------------+----------------+------------------------+
Note: In order to hide this table in the UI and the text report file, please set the "Show Parameter Settings in Synthesis Report" option in "Analysis and Synthesis Settings -> More Settings" to "Off".


+-----------------------------------------------------+
; Post-Synthesis Netlist Statistics for Top Partition ;
+-----------------------+-----------------------------+
; Type                  ; Count                       ;
+-----------------------+-----------------------------+
; boundary_port         ; 57                          ;
; cycloneiii_ff         ; 79                          ;
;     CLR               ; 35                          ;
;     CLR SCLR          ; 25                          ;
;     ENA               ; 19                          ;
; cycloneiii_lcell_comb ; 1115                        ;
;     arith             ; 327                         ;
;         2 data inputs ; 66                          ;
;         3 data inputs ; 261                         ;
;     normal            ; 788                         ;
;         0 data inputs ; 56                          ;
;         1 data inputs ; 20                          ;
;         2 data inputs ; 458                         ;
;         3 data inputs ; 24                          ;
;         4 data inputs ; 230                         ;
;                       ;                             ;
; Max LUT depth         ; 71.40                       ;
; Average LUT depth     ; 56.11                       ;
+-----------------------+-----------------------------+


+-------------------------------+
; Elapsed Time Per Partition    ;
+----------------+--------------+
; Partition Name ; Elapsed Time ;
+----------------+--------------+
; Top            ; 00:00:01     ;
+----------------+--------------+


+-------------------------------+
; Analysis & Synthesis Messages ;
+-------------------------------+
Info: *******************************************************************
Info: Running Quartus Prime Analysis & Synthesis
    Info: Version 23.1std.0 Build 991 11/28/2023 SC Lite Edition
    Info: Processing started: Mon May 13 12:29:00 2024
Info: Command: quartus_map --read_settings_files=on --write_settings_files=off PipeTemp_Controller -c PipeTemp_Controller
Warning (18236): Number of processors has not been specified which may cause overloading on shared machines.  Set the global assignment NUM_PARALLEL_PROCESSORS in your QSF to an appropriate value for best performance.
Info (20030): Parallel compilation is enabled and will use 4 of the 4 processors detected
Info (12021): Found 5 design units, including 5 entities, in source file pipetemp_controller.v
    Info (12023): Found entity 1: PipeTemp_Controller File: D:/Codes/VeriLog/Codes File/PipeTemp_Controller.v Line: 1
    Info (12023): Found entity 2: PipeTemp_Controller_tb File: D:/Codes/VeriLog/Codes File/PipeTemp_Controller.v Line: 165
    Info (12023): Found entity 3: RisingEdgeDetector File: D:/Codes/VeriLog/Codes File/PipeTemp_Controller.v Line: 241
    Info (12023): Found entity 4: decoder_7seg_anode File: D:/Codes/VeriLog/Codes File/PipeTemp_Controller.v Line: 256
    Info (12023): Found entity 5: clock_divider File: D:/Codes/VeriLog/Codes File/PipeTemp_Controller.v Line: 280
Info (12127): Elaborating entity "PipeTemp_Controller" for the top level hierarchy
Warning (10230): Verilog HDL assignment warning at PipeTemp_Controller.v(108): truncated value with size 32 to match size of target (6) File: D:/Codes/VeriLog/Codes File/PipeTemp_Controller.v Line: 108
Warning (10230): Verilog HDL assignment warning at PipeTemp_Controller.v(109): truncated value with size 32 to match size of target (4) File: D:/Codes/VeriLog/Codes File/PipeTemp_Controller.v Line: 109
Warning (10230): Verilog HDL assignment warning at PipeTemp_Controller.v(115): truncated value with size 32 to match size of target (8) File: D:/Codes/VeriLog/Codes File/PipeTemp_Controller.v Line: 115
Warning (10230): Verilog HDL assignment warning at PipeTemp_Controller.v(130): truncated value with size 32 to match size of target (6) File: D:/Codes/VeriLog/Codes File/PipeTemp_Controller.v Line: 130
Warning (10230): Verilog HDL assignment warning at PipeTemp_Controller.v(131): truncated value with size 32 to match size of target (4) File: D:/Codes/VeriLog/Codes File/PipeTemp_Controller.v Line: 131
Warning (10230): Verilog HDL assignment warning at PipeTemp_Controller.v(134): truncated value with size 32 to match size of target (4) File: D:/Codes/VeriLog/Codes File/PipeTemp_Controller.v Line: 134
Warning (10230): Verilog HDL assignment warning at PipeTemp_Controller.v(141): truncated value with size 32 to match size of target (4) File: D:/Codes/VeriLog/Codes File/PipeTemp_Controller.v Line: 141
Warning (10230): Verilog HDL assignment warning at PipeTemp_Controller.v(144): truncated value with size 32 to match size of target (4) File: D:/Codes/VeriLog/Codes File/PipeTemp_Controller.v Line: 144
Warning (10230): Verilog HDL assignment warning at PipeTemp_Controller.v(147): truncated value with size 32 to match size of target (4) File: D:/Codes/VeriLog/Codes File/PipeTemp_Controller.v Line: 147
Warning (10230): Verilog HDL assignment warning at PipeTemp_Controller.v(150): truncated value with size 32 to match size of target (4) File: D:/Codes/VeriLog/Codes File/PipeTemp_Controller.v Line: 150
Warning (10230): Verilog HDL assignment warning at PipeTemp_Controller.v(153): truncated value with size 32 to match size of target (4) File: D:/Codes/VeriLog/Codes File/PipeTemp_Controller.v Line: 153
Warning (10230): Verilog HDL assignment warning at PipeTemp_Controller.v(156): truncated value with size 6 to match size of target (4) File: D:/Codes/VeriLog/Codes File/PipeTemp_Controller.v Line: 156
Info (12128): Elaborating entity "decoder_7seg_anode" for hierarchy "decoder_7seg_anode:decoder_seconds_units" File: D:/Codes/VeriLog/Codes File/PipeTemp_Controller.v Line: 41
Info (12128): Elaborating entity "clock_divider" for hierarchy "clock_divider:clock_divid" File: D:/Codes/VeriLog/Codes File/PipeTemp_Controller.v Line: 96
Warning (10230): Verilog HDL assignment warning at PipeTemp_Controller.v(294): truncated value with size 32 to match size of target (25) File: D:/Codes/VeriLog/Codes File/PipeTemp_Controller.v Line: 294
Info (278001): Inferred 2 megafunctions from design logic
    Info (278004): Inferred divider/modulo megafunction ("lpm_divide") from the following logic: "Mod0" File: D:/Codes/VeriLog/Codes File/PipeTemp_Controller.v Line: 130
    Info (278004): Inferred divider/modulo megafunction ("lpm_divide") from the following logic: "Div0" File: D:/Codes/VeriLog/Codes File/PipeTemp_Controller.v Line: 131
Info (12130): Elaborated megafunction instantiation "lpm_divide:Mod0" File: D:/Codes/VeriLog/Codes File/PipeTemp_Controller.v Line: 130
Info (12133): Instantiated megafunction "lpm_divide:Mod0" with the following parameter: File: D:/Codes/VeriLog/Codes File/PipeTemp_Controller.v Line: 130
    Info (12134): Parameter "LPM_WIDTHN" = "32"
    Info (12134): Parameter "LPM_WIDTHD" = "6"
    Info (12134): Parameter "LPM_NREPRESENTATION" = "UNSIGNED"
    Info (12134): Parameter "LPM_DREPRESENTATION" = "UNSIGNED"
Info (12021): Found 1 design units, including 1 entities, in source file db/lpm_divide_rll.tdf
    Info (12023): Found entity 1: lpm_divide_rll File: D:/Codes/VeriLog/Codes File/db/lpm_divide_rll.tdf Line: 25
Info (12021): Found 1 design units, including 1 entities, in source file db/sign_div_unsign_qlh.tdf
    Info (12023): Found entity 1: sign_div_unsign_qlh File: D:/Codes/VeriLog/Codes File/db/sign_div_unsign_qlh.tdf Line: 25
Info (12021): Found 1 design units, including 1 entities, in source file db/alt_u_div_uhe.tdf
    Info (12023): Found entity 1: alt_u_div_uhe File: D:/Codes/VeriLog/Codes File/db/alt_u_div_uhe.tdf Line: 27
Info (12021): Found 1 design units, including 1 entities, in source file db/add_sub_t3c.tdf
    Info (12023): Found entity 1: add_sub_t3c File: D:/Codes/VeriLog/Codes File/db/add_sub_t3c.tdf Line: 23
Info (12021): Found 1 design units, including 1 entities, in source file db/add_sub_u3c.tdf
    Info (12023): Found entity 1: add_sub_u3c File: D:/Codes/VeriLog/Codes File/db/add_sub_u3c.tdf Line: 23
Info (12130): Elaborated megafunction instantiation "lpm_divide:Div0" File: D:/Codes/VeriLog/Codes File/PipeTemp_Controller.v Line: 131
Info (12133): Instantiated megafunction "lpm_divide:Div0" with the following parameter: File: D:/Codes/VeriLog/Codes File/PipeTemp_Controller.v Line: 131
    Info (12134): Parameter "LPM_WIDTHN" = "32"
    Info (12134): Parameter "LPM_WIDTHD" = "6"
    Info (12134): Parameter "LPM_NREPRESENTATION" = "UNSIGNED"
    Info (12134): Parameter "LPM_DREPRESENTATION" = "UNSIGNED"
Info (12021): Found 1 design units, including 1 entities, in source file db/lpm_divide_otl.tdf
    Info (12023): Found entity 1: lpm_divide_otl File: D:/Codes/VeriLog/Codes File/db/lpm_divide_otl.tdf Line: 25
Info (13000): Registers with preset signals will power-up high File: D:/Codes/VeriLog/Codes File/PipeTemp_Controller.v Line: 5
Info (13003): DEV_CLRn pin will set, and not reset, register with preset signal due to NOT Gate Push-Back
Warning (13024): Output pins are stuck at VCC or GND
    Warning (13410): Pin "Shutdown" is stuck at VCC File: D:/Codes/VeriLog/Codes File/PipeTemp_Controller.v Line: 6
    Warning (13410): Pin "tens_minutes_segment_leds[0]" is stuck at GND File: D:/Codes/VeriLog/Codes File/PipeTemp_Controller.v Line: 11
    Warning (13410): Pin "tens_minutes_segment_leds[4]" is stuck at VCC File: D:/Codes/VeriLog/Codes File/PipeTemp_Controller.v Line: 11
    Warning (13410): Pin "tens_minutes_segment_leds[5]" is stuck at VCC File: D:/Codes/VeriLog/Codes File/PipeTemp_Controller.v Line: 11
    Warning (13410): Pin "minutes_tens[1]" is stuck at GND File: D:/Codes/VeriLog/Codes File/PipeTemp_Controller.v Line: 114
    Warning (13410): Pin "minutes_tens[2]" is stuck at GND File: D:/Codes/VeriLog/Codes File/PipeTemp_Controller.v Line: 114
    Warning (13410): Pin "minutes_tens[3]" is stuck at GND File: D:/Codes/VeriLog/Codes File/PipeTemp_Controller.v Line: 114
    Warning (13410): Pin "seconds_tens[3]" is stuck at GND File: D:/Codes/VeriLog/Codes File/PipeTemp_Controller.v Line: 114
Info (286030): Timing-Driven Synthesis is running
Info (17049): 1 registers lost all their fanouts during netlist optimizations.
Info (17016): Found the following redundant logic cells in design
    Info (17048): Logic cell "lpm_divide:Mod0|lpm_divide_rll:auto_generated|sign_div_unsign_qlh:divider|alt_u_div_uhe:divider|add_sub_28_result_int[0]~12" File: D:/Codes/VeriLog/Codes File/db/alt_u_div_uhe.tdf Line: 132
    Info (17048): Logic cell "lpm_divide:Mod0|lpm_divide_rll:auto_generated|sign_div_unsign_qlh:divider|alt_u_div_uhe:divider|add_sub_29_result_int[0]~12" File: D:/Codes/VeriLog/Codes File/db/alt_u_div_uhe.tdf Line: 137
    Info (17048): Logic cell "lpm_divide:Mod0|lpm_divide_rll:auto_generated|sign_div_unsign_qlh:divider|alt_u_div_uhe:divider|add_sub_31_result_int[0]~12" File: D:/Codes/VeriLog/Codes File/db/alt_u_div_uhe.tdf Line: 152
    Info (17048): Logic cell "lpm_divide:Div0|lpm_divide_otl:auto_generated|sign_div_unsign_qlh:divider|alt_u_div_uhe:divider|add_sub_28_result_int[0]~14" File: D:/Codes/VeriLog/Codes File/db/alt_u_div_uhe.tdf Line: 132
    Info (17048): Logic cell "lpm_divide:Div0|lpm_divide_otl:auto_generated|sign_div_unsign_qlh:divider|alt_u_div_uhe:divider|add_sub_29_result_int[0]~14" File: D:/Codes/VeriLog/Codes File/db/alt_u_div_uhe.tdf Line: 137
Info (144001): Generated suppressed messages file D:/Codes/VeriLog/Codes File/output_files/PipeTemp_Controller.map.smsg
Info (16010): Generating hard_block partition "hard_block:auto_generated_inst"
    Info (16011): Adding 0 node(s), including 0 DDIO, 0 PLL, 0 transceiver and 0 LCELL
Warning (21074): Design contains 1 input pin(s) that do not drive logic
    Warning (15610): No output dependent on input pin "Temp_Data[0]" File: D:/Codes/VeriLog/Codes File/PipeTemp_Controller.v Line: 4
Info (21057): Implemented 1166 device resources after synthesis - the final resource count might be different
    Info (21058): Implemented 10 input pins
    Info (21059): Implemented 47 output pins
    Info (21061): Implemented 1109 logic cells
Info: Quartus Prime Analysis & Synthesis was successful. 0 errors, 25 warnings
    Info: Peak virtual memory: 4795 megabytes
    Info: Processing ended: Mon May 13 12:29:09 2024
    Info: Elapsed time: 00:00:09
    Info: Total CPU time (on all processors): 00:00:10


+------------------------------------------+
; Analysis & Synthesis Suppressed Messages ;
+------------------------------------------+
The suppressed messages can be found in D:/Codes/VeriLog/Codes File/output_files/PipeTemp_Controller.map.smsg.


